<?xml version="1.0" encoding="utf-8"?><testsuites name="pytest tests"><testsuite name="pytest" errors="0" failures="1" skipped="0" tests="1" time="269.877" timestamp="2026-05-28T12:54:35.327734+10:00" hostname="gadi-login-03.gadi.nci.org.au"><testcase classname="test-venv.lib.python3.10.site-packages.model_config_tests.config_tests.test_bit_reproducibility.TestBitReproducibility" name="test_repro_historical" time="267.046"><failure message="AssertionError: Checksums were not equal. The new checksums have been written to /scratch/tm70/repro-ci/experiments/access-esm1.6-configs/generate-checksums/release-esm-historical/c28477e08f63288efccfa7711539d655873e9534/checksum/historical-24hr-checksum.json.&#10;assert {'output': {'...ion': '1-0-0'} == {'output': {'...ion': '1-0-0'}&#10;  &#10;  Omitting 1 identical items, use -vv to show&#10;  Differing items:&#10;  {'output': {'Advection of u': ['2791611964849277595', '6166800879995094735'], 'Advection of v': ['5278653760776676483'...ional velocity': ['-4712201097904976433', '3551573892418388558'], 'Thickness%depth_st': ['-2190684862846133371'], ...}} != {'output': {'Advection of u': ['5569632269117372324', '-8540222466249447741'], 'Advection of v': ['8769555779522084554...dional velocity': ['6364762707310870105', '1181618618043701408'], 'Thickness%depth_st': ['-2190684862846133371'], ...}}&#10;  Use -v to get more diff">self = &lt;test_bit_reproducibility.TestBitReproducibility object at 0x7ff0f4492260&gt;
output_path = PosixPath('/scratch/tm70/repro-ci/experiments/access-esm1.6-configs/generate-checksums/release-esm-historical/c28477e08f63288efccfa7711539d655873e9534')
control_path = PosixPath('/scratch/tm70/repro-ci/experiments/access-esm1.6-configs/generate-checksums/release-esm-historical/c28477e08f63288efccfa7711539d655873e9534/base-experiment')
requested_experiments = {'exp_default_runtime': &lt;model_config_tests.exp_test_helper.ExpTestHelper object at 0x7ff102e4d720&gt;}
checksum_path = None

    @pytest.mark.repro
    @pytest.mark.repro_historical
    @pytest.mark.experiments(
        {
            EXP_DEFAULT_RUNTIME: {"n_runs": 1},
        }
    )
    def test_repro_historical(
        self,
        output_path: Path,
        control_path: Path,
        requested_experiments: dict[str, ExpTestHelper],
        checksum_path: Optional[Path],
    ):
        """
        Historical reproducibility test that confirms results from a model
        run match a stored previous result. Any generated results are
        added to a "checksum" subdirectory in the output directory.
    
        Parameters
        ----------
        output_path: Path
            Output directory for test output and where the control and
            lab directories are stored for the payu experiments. Default is
            set in conftest.py.
        control_path: Path
            Path to the model configuration to test. This is copied for
            for control directories in experiments. Default is set in
            conftests.py.
        requested_experiments: dict[str, ExpTestHelper]
            A dictionary of requested experiments, where the key is the
            experiment name and the value is an instance of ExpTestHelper.
        checksum_path: Optional[Path]
            Path to checksums to compare model output against. Default is
            set to checksums saved on model configuration. This is a
            fixture defined in conftests.py
        """
        # Get output directory for the checksums
        checksum_output_dir = set_checksum_output_dir(output_path=output_path)
    
        # Use default runtime experiment to get the historical checksums
        exp = requested_experiments.get(EXP_DEFAULT_RUNTIME)
    
        # Set the checksum output filename using the model default runtime
        runtime_hours = exp.model.default_runtime_seconds // HOUR_IN_SECONDS
        checksum_filename = f"historical-{runtime_hours}hr-checksum.json"
    
        # Read the historical checksum file
        hist_checksums = read_historical_checksums(
            control_path, checksum_filename, checksum_path
        )
    
        # Use historical file checksums schema version for parsing checksum,
        # otherwise use the model default, if file does not exist
        schema_version = (
            hist_checksums["schema_version"]
            if hist_checksums
            else exp.model.default_schema_version
        )
    
        # Extract checksums
        checksums = exp.extract_checksums(schema_version=schema_version)
    
        # Write out checksums to output file
        checksum_output_file = checksum_output_dir / checksum_filename
        with open(checksum_output_file, "w") as file:
            json.dump(checksums, file, indent=2)
    
&gt;       assert (
            hist_checksums == checksums
        ), f"Checksums were not equal. The new checksums have been written to {checksum_output_file}."
E       AssertionError: Checksums were not equal. The new checksums have been written to /scratch/tm70/repro-ci/experiments/access-esm1.6-configs/generate-checksums/release-esm-historical/c28477e08f63288efccfa7711539d655873e9534/checksum/historical-24hr-checksum.json.
E       assert {'output': {'...ion': '1-0-0'} == {'output': {'...ion': '1-0-0'}
E         
E         Omitting 1 identical items, use -vv to show
E         Differing items:
E         {'output': {'Advection of u': ['2791611964849277595', '6166800879995094735'], 'Advection of v': ['5278653760776676483'...ional velocity': ['-4712201097904976433', '3551573892418388558'], 'Thickness%depth_st': ['-2190684862846133371'], ...}} != {'output': {'Advection of u': ['5569632269117372324', '-8540222466249447741'], 'Advection of v': ['8769555779522084554...dional velocity': ['6364762707310870105', '1181618618043701408'], 'Thickness%depth_st': ['-2190684862846133371'], ...}}
E         Use -v to get more diff

../test-venv/lib/python3.10/site-packages/model_config_tests/config_tests/test_bit_reproducibility.py:234: AssertionError</failure></testcase></testsuite></testsuites>