<?xml version="1.0" encoding="utf-8"?><testsuites name="pytest tests"><testsuite name="pytest" errors="0" failures="0" skipped="0" tests="2" time="342.463" timestamp="2026-06-11T16:32:09.095862+10:00" hostname="gadi-login-05.gadi.nci.org.au"><testcase classname="test-venv.lib.python3.10.site-packages.model_config_tests.config_tests.test_bit_reproducibility.TestBitReproducibility" name="test_repro_historical" time="338.967" /><testcase classname="test-venv.lib.python3.10.site-packages.model_config_tests.config_tests.test_bit_reproducibility.TestBitReproducibility" name="test_repro_determinism" time="0.020" /></testsuite></testsuites>