<?xml version="1.0" encoding="utf-8"?><testsuites name="pytest tests"><testsuite name="pytest" errors="0" failures="0" skipped="0" tests="3" time="359.540" timestamp="2026-08-28T11:20:01.721900+10:00" hostname="gadi-login-06.gadi.nci.org.au"><testcase classname="test-venv.lib.python3.10.site-packages.model_config_tests.config_tests.test_bit_reproducibility.TestBitReproducibility" name="test_repro_historical" time="348.365" /><testcase classname="test-venv.lib.python3.10.site-packages.model_config_tests.config_tests.test_bit_reproducibility.TestBitReproducibility" name="test_repro_determinism" time="0.017" /><testcase classname="test-venv.lib.python3.10.site-packages.model_config_tests.config_tests.test_bit_reproducibility" name="test_repro_payu_setup" time="8.927" /></testsuite></testsuites>